Arguments: 
  /Users/dallasgale/.nvm/versions/node/v10.15.3/bin/node /usr/local/Cellar/yarn/1.22.5/libexec/bin/yarn.js add -D sass

PATH: 
  /Users/dallasgale/.rvm/gems/ruby-2.4.7/bin:/Users/dallasgale/.rvm/gems/ruby-2.4.7@global/bin:/Users/dallasgale/.rvm/rubies/ruby-2.4.7/bin:/Users/dallasgale/.nvm/versions/node/v10.15.3/bin:/usr/local/bin:/usr/local/sbin:/usr/local/bin:/usr/bin:/bin:/usr/sbin:/sbin:/usr/local/share/dotnet:~/.dotnet/tools:/Users/dallasgale/.rvm/gems/ruby-2.4.7/bin:/Users/dallasgale/.rvm/gems/ruby-2.4.7@global/bin:/Users/dallasgale/.rvm/rubies/ruby-2.4.7/bin:/Users/dallasgale/.rbenv/shims:/Users/dallasgale/.rvm/bin:/Users/dallasgale/.rvm/bin

Yarn version: 
  1.22.5

Node version: 
  10.15.3

Platform: 
  darwin x64

Trace: 
  Error: EACCES: permission denied, unlink '/Users/dallasgale/Sites/Scrabble Scorer/app/node_modules/fsevents/build/Makefile'

npm manifest: 
  {
    "name": "app",
    "version": "1.0.0",
    "main": "index.js",
    "license": "MIT",
    "dependencies": {
      "parcel-bundler": "^1.12.4"
    }
  }

yarn manifest: 
  No manifest

Lockfile: 
  No lockfile
